<?xml version="1.0" encoding="UTF-8"?>
<!-- Generated by org.testng.reporters.JUnitXMLReporter -->
<testsuite hostname="Jaga-Laptop" ignored="0" name="HomePageTest" tests="1" failures="1" timestamp="31 Mar 2022 15:34:29 GMT" time="62.549" errors="0">
  <testcase name="verifyHomePageTest" time="41.331" classname="com.jtaf.qa.test.HomePageTest">
    <failure type="com.codeborne.selenide.ex.UIAssertionError" message="TimeoutException: timeout: Timed out receiving message from renderer: 30.000
Screenshot: file:/D:/Eclipse_Env/Workspace/JavaSelenideTestNGPOMFramework/build/reports/tests/1648740859280.0.png
Page source: file:/D:/Eclipse_Env/Workspace/JavaSelenideTestNGPOMFramework/build/reports/tests/1648740859280.0.html
Timeout: 4 s.
Caused by: TimeoutException: timeout: Timed out receiving message from renderer: 30.000">
      <![CDATA[TimeoutException: timeout: Timed out receiving message from renderer: 30.000
Screenshot: file:/D:/Eclipse_Env/Workspace/JavaSelenideTestNGPOMFramework/build/reports/tests/1648740859280.0.png
Page source: file:/D:/Eclipse_Env/Workspace/JavaSelenideTestNGPOMFramework/build/reports/tests/1648740859280.0.html
Timeout: 4 s.
Caused by: TimeoutException: timeout: Timed out receiving message from renderer: 30.000
at com.codeborne.selenide.ex.UIAssertionError.wrapToUIAssertionError(UIAssertionError.java:103)
at com.codeborne.selenide.ex.UIAssertionError.wrapThrowable(UIAssertionError.java:86)
at com.codeborne.selenide.ex.UIAssertionError.wrap(UIAssertionError.java:80)
at com.codeborne.selenide.impl.SelenideElementProxy.invoke(SelenideElementProxy.java:93)
at com.sun.proxy.$Proxy18.click(Unknown Source)
at com.jtaf.qa.pages.LoginPage.doLogin(LoginPage.java:50)
at com.jtaf.qa.test.HomePageTest.verifyHomePageTest(HomePageTest.java:24)
Caused by: org.openqa.selenium.TimeoutException: timeout: Timed out receiving message from renderer: 30.000
  (Session info: chrome=99.0.4844.84)
Build info: version: '4.1.1', revision: 'e8fcc2cecf'
System info: host: 'JAGA-LAPTOP', ip: '192.168.1.4', os.name: 'Windows 10', os.arch: 'amd64', os.version: '10.0', java.version: '1.8.0_201'
Driver info: org.openqa.selenium.chrome.ChromeDriver
Command: [f4cd124db30a304ba239b80b6f2795cd, clickElement {id=5e2c88ef-759e-4437-a99a-c84da279d5fc}]
Capabilities {acceptInsecureCerts: true, browserName: chrome, browserVersion: 99.0.4844.84, chrome: {chromedriverVersion: 99.0.4844.51 (d537ec02474b5..., userDataDir: C:\Users\Jaga\AppData\Local...}, goog:chromeOptions: {debuggerAddress: localhost:6499}, javascriptEnabled: true, networkConnectionEnabled: false, pageLoadStrategy: normal, platform: WINDOWS, platformName: WINDOWS, proxy: Proxy(), se:cdp: ws://localhost:6499/devtool..., se:cdpVersion: 99.0.4844.84, setWindowRect: true, strictFileInteractability: false, timeouts: {implicit: 0, pageLoad: 300000, script: 30000}, unhandledPromptBehavior: dismiss and notify, webauthn:extension:credBlob: true, webauthn:extension:largeBlob: true, webauthn:virtualAuthenticators: true}
Element: [[ChromeDriver: chrome on WINDOWS (f4cd124db30a304ba239b80b6f2795cd)] -> xpath: //button[text()='Log in']]
Session ID: f4cd124db30a304ba239b80b6f2795cd
at org.openqa.selenium.remote.codec.w3c.W3CHttpResponseCodec.createException(W3CHttpResponseCodec.java:200)
at org.openqa.selenium.remote.codec.w3c.W3CHttpResponseCodec.decode(W3CHttpResponseCodec.java:133)
at org.openqa.selenium.remote.codec.w3c.W3CHttpResponseCodec.decode(W3CHttpResponseCodec.java:53)
at org.openqa.selenium.remote.HttpCommandExecutor.execute(HttpCommandExecutor.java:184)
at org.openqa.selenium.remote.service.DriverCommandExecutor.invokeExecute(DriverCommandExecutor.java:167)
at org.openqa.selenium.remote.service.DriverCommandExecutor.execute(DriverCommandExecutor.java:142)
at org.openqa.selenium.remote.RemoteWebDriver.execute(RemoteWebDriver.java:543)
at org.openqa.selenium.remote.RemoteWebElement.execute(RemoteWebElement.java:251)
at org.openqa.selenium.remote.RemoteWebElement.click(RemoteWebElement.java:77)
at com.codeborne.selenide.commands.Click.defaultClick(Click.java:73)
at com.codeborne.selenide.commands.Click.click(Click.java:52)
at com.codeborne.selenide.commands.Click.execute(Click.java:29)
at com.codeborne.selenide.commands.Click.execute(Click.java:19)
at com.codeborne.selenide.commands.Commands.execute(Commands.java:154)
at com.codeborne.selenide.impl.SelenideElementProxy.dispatchAndRetry(SelenideElementProxy.java:131)
at com.codeborne.selenide.impl.SelenideElementProxy.invoke(SelenideElementProxy.java:83)
... 28 more
... Removed 29 stack frames]]>
    </failure>
  </testcase> <!-- verifyHomePageTest -->
</testsuite> <!-- HomePageTest -->
