<html>
<head>
<title>TestNG:  HomePageTest</title>
<link href="../testng.css" rel="stylesheet" type="text/css" />
<link href="../my-testng.css" rel="stylesheet" type="text/css" />

<style type="text/css">
.log { display: none;} 
.stack-trace { display: none;} 
</style>
<script type="text/javascript">
<!--
function flip(e) {
  current = e.style.display;
  if (current == 'block') {
    e.style.display = 'none';
    return 0;
  }
  else {
    e.style.display = 'block';
    return 1;
  }
}

function toggleBox(szDivId, elem, msg1, msg2)
{
  var res = -1;  if (document.getElementById) {
    res = flip(document.getElementById(szDivId));
  }
  else if (document.all) {
    // this is the way old msie versions work
    res = flip(document.all[szDivId]);
  }
  if(elem) {
    if(res == 0) elem.innerHTML = msg1; else elem.innerHTML = msg2;
  }

}

function toggleAllBoxes() {
  if (document.getElementsByTagName) {
    d = document.getElementsByTagName('div');
    for (i = 0; i < d.length; i++) {
      if (d[i].className == 'log') {
        flip(d[i]);
      }
    }
  }
}

// -->
</script>

</head>
<body>
<h2 align='center'>HomePageTest</h2><table border='1' align="center">
<tr>
<td>Tests passed/Failed/Skipped:</td><td>0/1/0</td>
</tr><tr>
<td>Started on:</td><td>Thu Mar 31 21:03:27 IST 2022</td>
</tr>
<tr><td>Total time:</td><td>62 seconds (62549 ms)</td>
</tr><tr>
<td>Included groups:</td><td></td>
</tr><tr>
<td>Excluded groups:</td><td></td>
</tr>
</table><p/>
<small><i>(Hover the method name to see the test class name)</i></small><p/>
<table width='100%' border='1' class='invocation-failed'>
<tr><td colspan='4' align='center'><b>FAILED TESTS</b></td></tr>
<tr><td><b>Test method</b></td>
<td width="30%"><b>Exception</b></td>
<td width="10%"><b>Time (seconds)</b></td>
<td><b>Instance</b></td>
</tr>
<tr>
<td title='com.jtaf.qa.test.HomePageTest.verifyHomePageTest()'><b>verifyHomePageTest</b><br>Test class: com.jtaf.qa.test.HomePageTest</td>
<td><div><pre>TimeoutException: timeout: Timed out receiving message from renderer: 30.000
Screenshot: file:/D:/Eclipse_Env/Workspace/JavaSelenideTestNGPOMFramework/build/reports/tests/1648740859280.0.png
Page source: file:/D:/Eclipse_Env/Workspace/JavaSelenideTestNGPOMFramework/build/reports/tests/1648740859280.0.html
Timeout: 4 s.
Caused by: TimeoutException: timeout: Timed out receiving message from renderer: 30.000
	at com.codeborne.selenide.ex.UIAssertionError.wrapToUIAssertionError(UIAssertionError.java:103)
	at com.codeborne.selenide.ex.UIAssertionError.wrapThrowable(UIAssertionError.java:86)
	at com.codeborne.selenide.ex.UIAssertionError.wrap(UIAssertionError.java:80)
	at com.codeborne.selenide.impl.SelenideElementProxy.invoke(SelenideElementProxy.java:93)
	at com.sun.proxy.$Proxy18.click(Unknown Source)
	at com.jtaf.qa.pages.LoginPage.doLogin(LoginPage.java:50)
	at com.jtaf.qa.test.HomePageTest.verifyHomePageTest(HomePageTest.java:24)
Caused by: org.openqa.selenium.TimeoutException: timeout: Timed out receiving message from renderer: 30.000
  (Session info: chrome=99.0.4844.84)
Build info: version: &apos;4.1.1&apos;, revision: &apos;e8fcc2cecf&apos;
System info: host: &apos;JAGA-LAPTOP&apos;, ip: &apos;192.168.1.4&apos;, os.name: &apos;Windows 10&apos;, os.arch: &apos;amd64&apos;, os.version: &apos;10.0&apos;, java.version: &apos;1.8.0_201&apos;
Driver info: org.openqa.selenium.chrome.ChromeDriver
Command: [f4cd124db30a304ba239b80b6f2795cd, clickElement {id=5e2c88ef-759e-4437-a99a-c84da279d5fc}]
Capabilities {acceptInsecureCerts: true, browserName: chrome, browserVersion: 99.0.4844.84, chrome: {chromedriverVersion: 99.0.4844.51 (d537ec02474b5..., userDataDir: C:\Users\Jaga\AppData\Local...}, goog:chromeOptions: {debuggerAddress: localhost:6499}, javascriptEnabled: true, networkConnectionEnabled: false, pageLoadStrategy: normal, platform: WINDOWS, platformName: WINDOWS, proxy: Proxy(), se:cdp: ws://localhost:6499/devtool..., se:cdpVersion: 99.0.4844.84, setWindowRect: true, strictFileInteractability: false, timeouts: {implicit: 0, pageLoad: 300000, script: 30000}, unhandledPromptBehavior: dismiss and notify, webauthn:extension:credBlob: true, webauthn:extension:largeBlob: true, webauthn:virtualAuthenticators: true}
Element: [[ChromeDriver: chrome on WINDOWS (f4cd124db30a304ba239b80b6f2795cd)] -&gt; xpath: //button[text()=&apos;Log in&apos;]]
Session ID: f4cd124db30a304ba239b80b6f2795cd
	at org.openqa.selenium.remote.codec.w3c.W3CHttpResponseCodec.createException(W3CHttpResponseCodec.java:200)
	at org.openqa.selenium.remote.codec.w3c.W3CHttpResponseCodec.decode(W3CHttpResponseCodec.java:133)
	at org.openqa.selenium.remote.codec.w3c.W3CHttpResponseCodec.decode(W3CHttpResponseCodec.java:53)
	at org.openqa.selenium.remote.HttpCommandExecutor.execute(HttpCommandExecutor.java:184)
	at org.openqa.selenium.remote.service.DriverCommandExecutor.invokeExecute(DriverCommandExecutor.java:167)
	at org.openqa.selenium.remote.service.DriverCommandExecutor.execute(DriverCommandExecutor.java:142)
	at org.openqa.selenium.remote.RemoteWebDriver.execute(RemoteWebDriver.java:543)
	at org.openqa.selenium.remote.RemoteWebElement.execute(RemoteWebElement.java:251)
	at org.openqa.selenium.remote.RemoteWebElement.click(RemoteWebElement.java:77)
	at com.codeborne.selenide.commands.Click.defaultClick(Click.java:73)
	at com.codeborne.selenide.commands.Click.click(Click.java:52)
	at com.codeborne.selenide.commands.Click.execute(Click.java:29)
	at com.codeborne.selenide.commands.Click.execute(Click.java:19)
	at com.codeborne.selenide.commands.Commands.execute(Commands.java:154)
	at com.codeborne.selenide.impl.SelenideElementProxy.dispatchAndRetry(SelenideElementProxy.java:131)
	at com.codeborne.selenide.impl.SelenideElementProxy.invoke(SelenideElementProxy.java:83)
	... 28 more
... Removed 29 stack frames</pre></div><a href='#' onClick='toggleBox("stack-trace866370634", this, "Click to show all stack frames", "Click to hide stack frames")'>Click to show all stack frames</a>
<div class='stack-trace' id='stack-trace866370634'><pre>TimeoutException: timeout: Timed out receiving message from renderer: 30.000
Screenshot: file:/D:/Eclipse_Env/Workspace/JavaSelenideTestNGPOMFramework/build/reports/tests/1648740859280.0.png
Page source: file:/D:/Eclipse_Env/Workspace/JavaSelenideTestNGPOMFramework/build/reports/tests/1648740859280.0.html
Timeout: 4 s.
Caused by: TimeoutException: timeout: Timed out receiving message from renderer: 30.000
	at com.codeborne.selenide.ex.UIAssertionError.wrapToUIAssertionError(UIAssertionError.java:103)
	at com.codeborne.selenide.ex.UIAssertionError.wrapThrowable(UIAssertionError.java:86)
	at com.codeborne.selenide.ex.UIAssertionError.wrap(UIAssertionError.java:80)
	at com.codeborne.selenide.impl.SelenideElementProxy.invoke(SelenideElementProxy.java:93)
	at com.sun.proxy.$Proxy18.click(Unknown Source)
	at com.jtaf.qa.pages.LoginPage.doLogin(LoginPage.java:50)
	at com.jtaf.qa.test.HomePageTest.verifyHomePageTest(HomePageTest.java:24)
	at sun.reflect.NativeMethodAccessorImpl.invoke0(Native Method)
	at sun.reflect.NativeMethodAccessorImpl.invoke(NativeMethodAccessorImpl.java:62)
	at sun.reflect.DelegatingMethodAccessorImpl.invoke(DelegatingMethodAccessorImpl.java:43)
	at java.lang.reflect.Method.invoke(Method.java:498)
	at org.testng.internal.MethodInvocationHelper.invokeMethod(MethodInvocationHelper.java:124)
	at org.testng.internal.Invoker.invokeMethod(Invoker.java:583)
	at org.testng.internal.Invoker.invokeTestMethod(Invoker.java:719)
	at org.testng.internal.Invoker.invokeTestMethods(Invoker.java:989)
	at org.testng.internal.TestMethodWorker.invokeTestMethods(TestMethodWorker.java:125)
	at org.testng.internal.TestMethodWorker.run(TestMethodWorker.java:109)
	at org.testng.TestRunner.privateRun(TestRunner.java:648)
	at org.testng.TestRunner.run(TestRunner.java:505)
	at org.testng.SuiteRunner.runTest(SuiteRunner.java:455)
	at org.testng.SuiteRunner.runSequentially(SuiteRunner.java:450)
	at org.testng.SuiteRunner.privateRun(SuiteRunner.java:415)
	at org.testng.SuiteRunner.run(SuiteRunner.java:364)
	at org.testng.SuiteRunnerWorker.runSuite(SuiteRunnerWorker.java:52)
	at org.testng.SuiteRunnerWorker.run(SuiteRunnerWorker.java:84)
	at org.testng.TestNG.runSuitesSequentially(TestNG.java:1208)
	at org.testng.TestNG.runSuitesLocally(TestNG.java:1137)
	at org.testng.TestNG.runSuites(TestNG.java:1049)
	at org.testng.TestNG.run(TestNG.java:1017)
	at org.testng.remote.AbstractRemoteTestNG.run(AbstractRemoteTestNG.java:115)
	at org.testng.remote.RemoteTestNG.initAndRun(RemoteTestNG.java:251)
	at org.testng.remote.RemoteTestNG.main(RemoteTestNG.java:77)
Caused by: org.openqa.selenium.TimeoutException: timeout: Timed out receiving message from renderer: 30.000
  (Session info: chrome=99.0.4844.84)
Build info: version: &apos;4.1.1&apos;, revision: &apos;e8fcc2cecf&apos;
System info: host: &apos;JAGA-LAPTOP&apos;, ip: &apos;192.168.1.4&apos;, os.name: &apos;Windows 10&apos;, os.arch: &apos;amd64&apos;, os.version: &apos;10.0&apos;, java.version: &apos;1.8.0_201&apos;
Driver info: org.openqa.selenium.chrome.ChromeDriver
Command: [f4cd124db30a304ba239b80b6f2795cd, clickElement {id=5e2c88ef-759e-4437-a99a-c84da279d5fc}]
Capabilities {acceptInsecureCerts: true, browserName: chrome, browserVersion: 99.0.4844.84, chrome: {chromedriverVersion: 99.0.4844.51 (d537ec02474b5..., userDataDir: C:\Users\Jaga\AppData\Local...}, goog:chromeOptions: {debuggerAddress: localhost:6499}, javascriptEnabled: true, networkConnectionEnabled: false, pageLoadStrategy: normal, platform: WINDOWS, platformName: WINDOWS, proxy: Proxy(), se:cdp: ws://localhost:6499/devtool..., se:cdpVersion: 99.0.4844.84, setWindowRect: true, strictFileInteractability: false, timeouts: {implicit: 0, pageLoad: 300000, script: 30000}, unhandledPromptBehavior: dismiss and notify, webauthn:extension:credBlob: true, webauthn:extension:largeBlob: true, webauthn:virtualAuthenticators: true}
Element: [[ChromeDriver: chrome on WINDOWS (f4cd124db30a304ba239b80b6f2795cd)] -&gt; xpath: //button[text()=&apos;Log in&apos;]]
Session ID: f4cd124db30a304ba239b80b6f2795cd
	at sun.reflect.NativeConstructorAccessorImpl.newInstance0(Native Method)
	at sun.reflect.NativeConstructorAccessorImpl.newInstance(NativeConstructorAccessorImpl.java:62)
	at sun.reflect.DelegatingConstructorAccessorImpl.newInstance(DelegatingConstructorAccessorImpl.java:45)
	at java.lang.reflect.Constructor.newInstance(Constructor.java:423)
	at org.openqa.selenium.remote.codec.w3c.W3CHttpResponseCodec.createException(W3CHttpResponseCodec.java:200)
	at org.openqa.selenium.remote.codec.w3c.W3CHttpResponseCodec.decode(W3CHttpResponseCodec.java:133)
	at org.openqa.selenium.remote.codec.w3c.W3CHttpResponseCodec.decode(W3CHttpResponseCodec.java:53)
	at org.openqa.selenium.remote.HttpCommandExecutor.execute(HttpCommandExecutor.java:184)
	at org.openqa.selenium.remote.service.DriverCommandExecutor.invokeExecute(DriverCommandExecutor.java:167)
	at org.openqa.selenium.remote.service.DriverCommandExecutor.execute(DriverCommandExecutor.java:142)
	at org.openqa.selenium.remote.RemoteWebDriver.execute(RemoteWebDriver.java:543)
	at org.openqa.selenium.remote.RemoteWebElement.execute(RemoteWebElement.java:251)
	at org.openqa.selenium.remote.RemoteWebElement.click(RemoteWebElement.java:77)
	at com.codeborne.selenide.commands.Click.defaultClick(Click.java:73)
	at com.codeborne.selenide.commands.Click.click(Click.java:52)
	at com.codeborne.selenide.commands.Click.execute(Click.java:29)
	at com.codeborne.selenide.commands.Click.execute(Click.java:19)
	at com.codeborne.selenide.commands.Commands.execute(Commands.java:154)
	at com.codeborne.selenide.impl.SelenideElementProxy.dispatchAndRetry(SelenideElementProxy.java:131)
	at com.codeborne.selenide.impl.SelenideElementProxy.invoke(SelenideElementProxy.java:83)
	... 28 more
</pre></div></td>
<td>41</td>
<td>com.jtaf.qa.test.HomePageTest@4923ab24</td></tr>
</table><p>
</body>
</html>